6 36 34
7 73 33
13 25 36
x
x
3 42 1
x
9 24 17
4 14 34
x
13 56 38
6 71 9
x
10 40 36
0 62 33
6 88 6
2 72 44
12 61 26
8 9 26
x
13 64 15
x
x
0 79 17
11 12 23
10 35 23
5 54 28
x
3 53 0
x
6 85 35
7 53 9
6 90 25
2 26 18
1 25 21
8 62 17
x
x
x
x
2 36 25
15 32 39
x
2 49 42
15 82 30
10 18 7
3 27 17
x
10 83 27
8 87 8
15 52 14
x
4 61 21
x
10 96 0
x
7 25 5
3 95 13
3 65 43
0 0 0
15 62 10
x
x
x
12 53 27
8 42 7
0 48 20
3 67 15
6 19 38
7 98 15
9 59 19
x
9 62 8
10 49 14
5 31 13
x
2 32 29
2 99 39
6 25 17
11 48 39
9 69 34
9 26 12
2 40 35
5 22 34
x
x
1 36 37
5 39 7
x
0 52 32
8 23 40
10 47 37
4 89 28
1 55 23
8 99 13
5 45 8
10 54 3
x
6 79 33
13 17 40
5 50 39
x
15 57 42
x
x
4 57 7
2 59 21
10 92 44
x
0 74 8
13 45 31
x
x
15 89 5
0 84 35
x
x
7 78 35
5 93 29
15 67 21
14 3 23
x
9 48 18
14 8 24
14 13 12
10 74 26
12 99 16
11 86 10
13 36 41
4 98 29
x
x
0 5 44
5 78 20
3 16 30
3 46 12
1 60 44
0 41 42
x
8 52 10
6 23 22
10 79 1
6 65 28
x
3 73 3
13 5 10
11 96 14
x
x
14 33 13
x
10 89 39
x
7 22 23
1 21 13
9 93 15
x
x
12 75 35
10 6 22
x
15 84 2
x
12 78 33
4 38 43
13 60 19
x
x
7 92 17
x
2 44 41
12 33 36
5 29 16
14 99 14
x
x
2 0 27
x
4 17 8
1 62 5
14 93 10
0 57 16
13 13 2
7 95 16
7 35 41
8 75 42
x
3 38 8
12 86 44
x
x
6 92 10
x
7 14 29
x
10 86 4
x
13 0 21
14 48 37
11 56 44
x
14 56 4
7 68 19
12 11 11
2 62 10
x
x
11 60 0
x
x
x
x
6 48 7
x
x
9 87 35
8 96 33
11 28 12
x
4 41 0
5 62 2
4 64 44
14 23 29
x
x
7 45 37
2 66 3
5 88 42
13 21 43
11 26 9
5 69 31
x
1 4 30
2 68 40
x
x
14 64 9
x
15 94 11
x
x
9 40 31
6 8 39
1 77 2
1 8 25
12 45 34
9 5 27
7 5 30
2 16 38
10 43 32
15 72 43
3 93 38
x
11 68 4
8 90 2
x
11 82 43
14 18 25
x
5 7 27
12 25 30
12 0 21
8 38 15
x
5 0 6
5 86 1
9 56 22
8 46 21
2 57 26
x
x
x
6 15 0
x
0 36 6
5 97 41
x
x
x
3 50 11
15 5 25
7 33 11
7 86 32
9 84 10
x
0 72 39
7 89 34
x
x
x
14 0 31
x
3 12 33
x
10 0 5
0 11 1
6 13 27
13 9 22
11 91 7
5 12 17
x
x
11 72 33
x
7 10 25
12 66 24
15 77 22
4 0 18
4 93 36
12 69 6
15 14 4
x
6 0 6
6 62 32
x
0 43 27
10 3 19
x
5 17 22
x
15 19 9
2 10 36
1 49 24
x
8 66 32
1 28 14
x
12 29 14
x
5 20 38
13 89 44
10 9 16
15 24 19
10 13 8
x
7 58 38
1 45 4
12 7 10
x
11 64 42
3 23 16
6 94 26
4 4 17
x
14 88 20
x
9 75 16
0 99 12
4 9 16
15 99 26
8 72 28
6 68 2
0 16 3
6 96 24
15 29 23
4 74 27
11 4 2
11 52 1
3 78 7
12 81 4
6 27 5
4 29 32
x
6 98 4
9 97 30
x
4 85 14
10 37 41
x
3 31 34
5 36 30
0 21 7
x
11 75 35
15 37 40
9 78 5
8 79 41
12 92 1
x
8 28 22
4 34 33
15 42 20
7 63 18
5 5 24
3 0 18
x
1 32 28
14 38 28
x
14 52 19
8 84 31
x
10 24 34
x
9 10 2
6 38 43
8 70 35
2 53 4
10 59 12
6 76 18
x
0 67 34
6 42 30
5 47 0
12 96 39
6 82 23
9 31 28
x
6 46 13
4 24 31
8 6 9
10 28 40
11 9 37
x
8 92 18
11 18 5
7 41 4
5 52 44
4 45 35
4 49 3
1 72 11
1 67 12
x
12 37 19
x
6 52 36
x
3 83 28
15 47 41
8 55 37
13 67 7
9 36 42
1 99 42
3 36 36
14 43 30
0 26 15
13 94 29
x
10 32 2
4 53 15
12 4 2
2 89 20
x
3 88 14
9 43 41
10 99 31
11 33 20
x
9 0 6
x
10 64 17
11 23 24
1 0 29
12 42 9
x
x
4 68 1
x
8 0 23
5 64 32
12 15 43
8 33 3
x
12 90 28
11 38 38
7 49 39
13 99 43
x
x
2 74 19
13 53 28
x
x
10 69 20
x
x
x
2 78 14
x
x
13 75 16
8 20 30
x
7 30 20
6 74 15
7 0 26
4 71 12
x
11 41 13
7 38 42
x
x
5 74 36
6 2 44
2 5 6
9 13 37
x
1 82 22
13 28 11
x
x
2 19 24
x
9 52 29
4 22 20
12 40 41
x
3 58 44
11 79 25
5 80 15
x
3 4 31
14 28 26
14 68 40
5 84 11
2 70 1
x
13 70 3
4 77 6
0 94 18
0 89 36
13 32 42
6 6 12
12 48 13
x
x
8 82 19
10 76 25
x
x
x
x
3 8 35
x
x
7 18 24
5 76 12
9 81 23
9 72 9
x
2 82 15
12 58 38
x
x
x
x
x
6 29 8
2 22 33
7 83 8
2 84 11
x
10 16 15
14 73 41
8 49 11
x
x
14 78 42
0 31 31
5 2 40
6 34 16
2 13 13
x
x
x
8 3 24
2 24 23
15 0 37
x
x
13 41 5
x
8 17 29
8 58 43
14 83 43
4 81 13
1 40 27
x
6 56 31
x
6 59 37
x
2 94 12
15 9 38
11 0 21
9 66 40
1 13 26
12 19 40
9 16 3
x
x
13 79 0
8 13 25
x
9 90 11
x
x
5 59 37
12 22 22
x
x
2 30 9
1 17 6
13 84 1
x
3 62 20
11 44 26
14 60 39
x
1 87 36
1 91 39
13 49 9
12 72 0
5 14 5
x
9 20 32
x
x
5 24 43
1 95 38
x
10 21 18
x
9 22 33
3 19 32
x
x
x